de nov. 28, 2025 4:23:56 A. M. de.gurkenlabs.litiengine.environment.tilemap.xml.TmxMap checkVersion
WARNING: Tiled version 1.11.2 of map "level1" is greater than the supported version 1.10.x. Some features may not work.
de nov. 28, 2025 4:23:56 A. M. de.gurkenlabs.litiengine.environment.tilemap.xml.TmxMap checkVersion
WARNING: Tiled version 1.11.2 of map "level2" is greater than the supported version 1.10.x. Some features may not work.
de nov. 28, 2025 4:23:56 A. M. de.gurkenlabs.litiengine.environment.tilemap.xml.TmxMap checkVersion
WARNING: Tiled version 1.11.2 of map "tutorial" is greater than the supported version 1.10.x. Some features may not work.
de nov. 28, 2025 4:24:17 A. M. de.gurkenlabs.litiengine.DefaultUncaughtExceptionHandler uncaughtException
SEVERE: Game crashed! :(
java.lang.NullPointerException: Cannot invoke "ca.sfu.cmpt276.fall2025.team14.model.Player.resetPowerUps()" because the return value of "ca.sfu.cmpt276.fall2025.team14.model.Player.instance()" is null
	at ca.sfu.cmpt276.fall2025.team14.app.GameLogic.loadLevel(GameLogic.java:276)
	at ca.sfu.cmpt276.fall2025.team14.screens.MainMenuScreen.lambda$startGame$0(MainMenuScreen.java:154)
	at de.gurkenlabs.litiengine.GameLoop.executeTimedActions(GameLoop.java:110)
	at de.gurkenlabs.litiengine.GameLoop.process(GameLoop.java:88)
	at de.gurkenlabs.litiengine.UpdateLoop.run(UpdateLoop.java:57)

de nov. 28, 2025 4:24:52 A. M. de.gurkenlabs.litiengine.environment.tilemap.xml.TmxMap checkVersion
WARNING: Tiled version 1.11.2 of map "level1" is greater than the supported version 1.10.x. Some features may not work.
de nov. 28, 2025 4:24:52 A. M. de.gurkenlabs.litiengine.environment.tilemap.xml.TmxMap checkVersion
WARNING: Tiled version 1.11.2 of map "level2" is greater than the supported version 1.10.x. Some features may not work.
de nov. 28, 2025 4:24:52 A. M. de.gurkenlabs.litiengine.environment.tilemap.xml.TmxMap checkVersion
WARNING: Tiled version 1.11.2 of map "tutorial" is greater than the supported version 1.10.x. Some features may not work.
de nov. 28, 2025 4:24:59 A. M. de.gurkenlabs.litiengine.DefaultUncaughtExceptionHandler uncaughtException
SEVERE: Game crashed! :(
java.lang.NullPointerException: Cannot invoke "ca.sfu.cmpt276.fall2025.team14.model.Player.resetPowerUps()" because the return value of "ca.sfu.cmpt276.fall2025.team14.model.Player.instance()" is null
	at ca.sfu.cmpt276.fall2025.team14.app.GameLogic.loadLevel(GameLogic.java:276)
	at ca.sfu.cmpt276.fall2025.team14.screens.MainMenuScreen.lambda$startGame$0(MainMenuScreen.java:154)
	at de.gurkenlabs.litiengine.GameLoop.executeTimedActions(GameLoop.java:110)
	at de.gurkenlabs.litiengine.GameLoop.process(GameLoop.java:88)
	at de.gurkenlabs.litiengine.UpdateLoop.run(UpdateLoop.java:57)

